This is pdfTeX, Version 3.141592653-2.6-1.40.26 (TeX Live 2024/Arch Linux) (preloaded format=latex 2025.1.7)  8 JAN 2025 00:06
entering extended mode
 restricted \write18 enabled.
 %&-line parsing enabled.
**capt-of.ins
(./capt-of.ins
LaTeX2e <2023-11-01> patch level 1
L3 programming layer <2024-02-20>
(/usr/share/texmf-dist/tex/latex/base/docstrip.tex
\blockLevel=\count188
\emptyLines=\count189
\processedLines=\count190
\commentsRemoved=\count191
\commentsPassed=\count192
\codeLinesPassed=\count193
\TotalprocessedLines=\count194
\TotalcommentsRemoved=\count195
\TotalcommentsPassed=\count196
\TotalcodeLinesPassed=\count197
\NumberOfFiles=\count198
\inFile=\read2
\inputcheck=\read3
\off@0=\count199
\off@1=\count266
\off@2=\count267
\off@3=\count268
\off@4=\count269
\off@5=\count270
\off@6=\count271
\off@7=\count272
\off@8=\count273
\off@9=\count274
\off@10=\count275
\off@11=\count276
\off@12=\count277
\off@13=\count278
\off@14=\count279
\off@15=\count280
\@maxfiles=\count281
\@maxoutfiles=\count282

Utility: `docstrip' v2.6b <2022-09-03>
English documentation    <2023-10-10>

**********************************************************
* This program converts documented macro-files into fast *
* loadable files by stripping off (nearly) all comments! *
**********************************************************

********************************************************
* No Configuration file found, using default settings. *
********************************************************

)
*** Generating the capt-of package ***

Generating file(s) ./capt-of.sty 
\openout0 = `./capt-of.sty'.


Processing file capt-of.dtx (package) -> capt-of.sty
File capt-of.dtx ended by \endinput.
Lines  processed: 153
Comments removed: 128
Comments  passed: 0
Codelines passed: 15

***********************************************************
*
* To finish the installation you have to move the file
* footmisc.sty into a directory searched by TeX
*
* Usual TDS location:
*   tex/latex/capt-of
*
* Happy TeXing
*
***********************************************************
 ) 
Here is how much of TeX's memory you used:
 339 strings out of 476077
 3552 string characters out of 5793802
 1925184 words of memory out of 5000000
 22540 multiletter control sequences out of 15000+600000
 558069 words of font info for 36 fonts, out of 8000000 for 9000
 14 hyphenation exceptions out of 8191
 12i,0n,15p,116b,126s stack positions out of 10000i,1000n,20000p,200000b,200000s

No pages of output.
